2023-02-23T04:05:24+00:00 DEBUG POST: https://business-api.tiktok.com/open_api/v1.2/tbp/business_profile/store/update/

{"business_platform":"WOO_COMMERCE","external_business_id":"tt4b_woocommerce_63e0a3925e6ca","net_gmv":[{"interval":"LIFETIME","max":0,"min":0,"unit":"CURRENCY"}],"net_order_count":[{"interval":"LIFETIME","max":0,"min":0,"unit":"COUNT"}],"tenure":{"min":0,"max":0,"unit":"DAYS"},"extra_data":"{\"version\":\"1.0.15\"}"}
 ajax: no
2023-02-23T04:05:24+00:00 DEBUG Tt4b_Mapi_Class::mapi_post: Response: 

HTTP/1.1 200 OK
Server: nginx
Content-Type: application/json; charset=utf-8
Content-Length: 103
X-Api-Deprecation-Info: API for Business Version 1.3 is now live. To avoid disruption to your business, we recommend you migrate all calls to v1.3 as soon as possible. Please visit our migration guide for more details: https://ads.tiktok.com/marketing_api/docs?id=1740029169927169
X-Domain-Change-Info: We have moved to the new domain business-api.tiktok.com for API services after the Platform Upgrade on 09/30/2021. Please update all of your requests with the new domain if you haven't done so already. For more information, please visit https://ads.tiktok.com/marketing_api/docs?rid=esb88xalm6m&id=1709207085043713
X-Tt-Logid: 20230223040510EF78C61F94804F001993
x-tt-trace-host: 0147243e143e35da15214114ae80becf1b641f936cc409e9e5bdb55dc4bd1ddd45cbe774972fe06eadc24714d7624c56e6bed783116a9b8e06b058d42adbc6a8fab3fc0ee7fc36f4abb496e0dc8132e64aa6a22d8f4bde05790657d765b15ae9ef716d645da711f98bf8eaadc941bc3359
X-Origin-Response-Time: 8,23.48.172.89
X-Akamai-Request-ID: 767225ae.1048fdbd
Expires: Thu, 23 Feb 2023 04:05:11 GMT
Cache-Control: max-age=0, no-cache, no-store
Pragma: no-cache
Date: Thu, 23 Feb 2023 04:05:11 GMT
X-Cache: TCP_MISS from a113-171-12-182.deploy.akamaitechnologies.com (AkamaiGHost/11.0.0-46340752) (-)
Connection: close
X-Cache-Remote: TCP_MISS from a23-48-172-89.deploy.akamaitechnologies.com (AkamaiGHost/11.0.0-46340752) (-)
x-tt-trace-tag: id=16;cdn-cache=miss;type=dyn
Server-Timing: cdn-cache; desc=MISS, edge; dur=41, origin; dur=7
Server-Timing: inner; dur=3
X-Parent-Response-Time: 48,113.171.12.182

{"code":40104,"message":"The access_token is empty.","request_id":"20230223040510EF78C61F94804F001993"}

