2023-02-10T02:08:29+00:00 DEBUG POST: https://business-api.tiktok.com/open_api/v1.2/tbp/business_profile/store/update/

{"business_platform":"WOO_COMMERCE","external_business_id":"tt4b_woocommerce_63e0a3925e6ca","net_gmv":[{"interval":"LIFETIME","max":0,"min":0,"unit":"CURRENCY"}],"net_order_count":[{"interval":"LIFETIME","max":0,"min":0,"unit":"COUNT"}],"tenure":{"min":0,"max":0,"unit":"DAYS"},"extra_data":"{\"version\":\"1.0.15\"}"}
 ajax: no
2023-02-10T02:08:29+00:00 DEBUG Tt4b_Mapi_Class::mapi_post: Response: 

HTTP/1.1 200 OK
Server: nginx
Content-Type: application/json; charset=utf-8
Content-Length: 103
X-Api-Deprecation-Info: API for Business Version 1.3 is now live. To avoid disruption to your business, we recommend you migrate all calls to v1.3 as soon as possible. Please visit our migration guide for more details: https://ads.tiktok.com/marketing_api/docs?id=1740029169927169
X-Domain-Change-Info: We have moved to the new domain business-api.tiktok.com for API services after the Platform Upgrade on 09/30/2021. Please update all of your requests with the new domain if you haven't done so already. For more information, please visit https://ads.tiktok.com/marketing_api/docs?rid=esb88xalm6m&id=1709207085043713
X-Tt-Logid: 20230210020758CB19AAA659C8C705B0B6
Server-Timing: inner; dur=6
x-tt-trace-host: 0175ff7c1422dbe1eef0f9e2687695f884ad20e5605110e2e2e7c7f6d535d53f90b192959005c21e31455393f54fd2e490decbfacd1c3fa6fefa134c76c265a2d18438695ac281c90518040e55b9f2251551f9c96ce2afab1a36ebae31aecfb027619214887610f87123fa7bf38f1c5876
Expires: Fri, 10 Feb 2023 02:07:59 GMT
Cache-Control: max-age=0, no-cache, no-store
Pragma: no-cache
Date: Fri, 10 Feb 2023 02:07:59 GMT
X-Cache: TCP_MISS from a113-171-231-115.deploy.akamaitechnologies.com (AkamaiGHost/11.0.0-46340752) (-)
Connection: close
x-tt-trace-tag: id=16;cdn-cache=miss;type=dyn
Server-Timing: cdn-cache; desc=MISS, edge; dur=0, origin; dur=86
X-Origin-Response-Time: 86,113.171.231.115
X-Akamai-Request-ID: f654ac2

{"code":40104,"message":"The access_token is empty.","request_id":"20230210020758CB19AAA659C8C705B0B6"}

2023-02-10T03:45:28+00:00 DEBUG tt4b_product_sync: missing access token for tt4b_product_sync
2023-02-10T03:49:34+00:00 DEBUG tt4b_product_sync: missing access token for tt4b_product_sync
2023-02-10T03:49:47+00:00 DEBUG tt4b_product_sync: missing access token for tt4b_product_sync
2023-02-10T03:51:48+00:00 DEBUG tt4b_product_sync: missing access token for tt4b_product_sync
2023-02-10T03:53:03+00:00 DEBUG tt4b_product_sync: missing access token for tt4b_product_sync
2023-02-10T03:53:41+00:00 DEBUG tt4b_product_sync: missing access token for tt4b_product_sync
2023-02-10T04:19:34+00:00 DEBUG tt4b_product_sync: missing access token for tt4b_product_sync
2023-02-10T04:21:12+00:00 DEBUG Tt4b_Pixel_Class::inject_add_to_cart_event: hit injectAddToCartEvent
2023-02-10T04:21:12+00:00 DEBUG Tt4b_Pixel_Class::inject_add_to_cart_event: Missing option "access_token"
2023-02-10T04:21:12+00:00 DEBUG Tt4b_Pixel_Class::inject_add_to_cart_event: hit injectAddToCartEvent
2023-02-10T04:21:12+00:00 DEBUG Tt4b_Pixel_Class::inject_add_to_cart_event: Missing option "access_token"
