2023-02-09T07:02:43+00:00 DEBUG Tt4b_Pixel_Class::inject_view_content_event: hit injectViewContentEvent
2023-02-09T07:02:43+00:00 DEBUG Tt4b_Pixel_Class::inject_view_content_event: Missing option "access_token"
2023-02-09T07:02:50+00:00 DEBUG POST: https://business-api.tiktok.com/open_api/v1.2/tbp/business_profile/store/update/

{"business_platform":"WOO_COMMERCE","external_business_id":"tt4b_woocommerce_63e0a3925e6ca","net_gmv":[{"interval":"LIFETIME","max":0,"min":0,"unit":"CURRENCY"}],"net_order_count":[{"interval":"LIFETIME","max":0,"min":0,"unit":"COUNT"}],"tenure":{"min":0,"max":0,"unit":"DAYS"},"extra_data":"{\"version\":\"1.0.15\"}"}
 ajax: no
2023-02-09T07:02:50+00:00 DEBUG Tt4b_Mapi_Class::mapi_post: Response: 

HTTP/1.1 200 OK
Server: nginx
Content-Type: application/json; charset=utf-8
Content-Length: 103
X-Api-Deprecation-Info: API for Business Version 1.3 is now live. To avoid disruption to your business, we recommend you migrate all calls to v1.3 as soon as possible. Please visit our migration guide for more details: https://ads.tiktok.com/marketing_api/docs?id=1740029169927169
X-Domain-Change-Info: We have moved to the new domain business-api.tiktok.com for API services after the Platform Upgrade on 09/30/2021. Please update all of your requests with the new domain if you haven't done so already. For more information, please visit https://ads.tiktok.com/marketing_api/docs?rid=esb88xalm6m&id=1709207085043713
X-Tt-Logid: 20230209070220E0565A177B1EF5010793
Server-Timing: inner; dur=7
x-tt-trace-host: 0175ff7c1422dbe1eef0f9e2687695f88465b3bdc8b9e266a9d12c310c1def28be30bcfd42958e984818237bec8838bc15977817a828fc387b370093eb29197a3d41b251de940359ac369e3fd51acdb2abde08632d1352f22ab730faf0f85309405aba5abca82eb8dcc7d8b21c68a5b20c
Expires: Thu, 09 Feb 2023 07:02:22 GMT
Cache-Control: max-age=0, no-cache, no-store
Pragma: no-cache
Date: Thu, 09 Feb 2023 07:02:22 GMT
X-Cache: TCP_MISS from a113-171-10-143.deploy.akamaitechnologies.com (AkamaiGHost/11.0.0-46340752) (-)
Connection: close
x-tt-trace-tag: id=16;cdn-cache=miss;type=dyn
Server-Timing: cdn-cache; desc=MISS, edge; dur=0, origin; dur=161
X-Origin-Response-Time: 161,113.171.10.143
X-Akamai-Request-ID: 175be359

{"code":40104,"message":"The access_token is empty.","request_id":"20230209070220E0565A177B1EF5010793"}

2023-02-09T07:08:14+00:00 DEBUG tt4b_product_sync: missing access token for tt4b_product_sync
2023-02-09T07:08:15+00:00 DEBUG tt4b_product_sync: missing access token for tt4b_product_sync
2023-02-09T07:08:15+00:00 DEBUG tt4b_product_sync: missing access token for tt4b_product_sync
2023-02-09T07:08:15+00:00 DEBUG tt4b_product_sync: missing access token for tt4b_product_sync
2023-02-09T07:08:15+00:00 DEBUG tt4b_product_sync: missing access token for tt4b_product_sync
2023-02-09T07:08:15+00:00 DEBUG tt4b_product_sync: missing access token for tt4b_product_sync
2023-02-09T07:08:15+00:00 DEBUG tt4b_product_sync: missing access token for tt4b_product_sync
2023-02-09T07:08:15+00:00 DEBUG tt4b_product_sync: missing access token for tt4b_product_sync
2023-02-09T07:08:16+00:00 DEBUG tt4b_product_sync: missing access token for tt4b_product_sync
2023-02-09T07:08:16+00:00 DEBUG tt4b_product_sync: missing access token for tt4b_product_sync
2023-02-09T07:08:16+00:00 DEBUG tt4b_product_sync: missing access token for tt4b_product_sync
2023-02-09T07:08:16+00:00 DEBUG tt4b_product_sync: missing access token for tt4b_product_sync
2023-02-09T07:08:16+00:00 DEBUG tt4b_product_sync: missing access token for tt4b_product_sync
2023-02-09T07:08:16+00:00 DEBUG tt4b_product_sync: missing access token for tt4b_product_sync
2023-02-09T07:08:16+00:00 DEBUG tt4b_product_sync: missing access token for tt4b_product_sync
2023-02-09T07:08:16+00:00 DEBUG tt4b_product_sync: missing access token for tt4b_product_sync
2023-02-09T07:08:16+00:00 DEBUG tt4b_product_sync: missing access token for tt4b_product_sync
2023-02-09T07:08:17+00:00 DEBUG tt4b_product_sync: missing access token for tt4b_product_sync
2023-02-09T07:08:17+00:00 DEBUG tt4b_product_sync: missing access token for tt4b_product_sync
2023-02-09T07:08:17+00:00 DEBUG tt4b_product_sync: missing access token for tt4b_product_sync
2023-02-09T07:08:17+00:00 DEBUG tt4b_product_sync: missing access token for tt4b_product_sync
2023-02-09T07:08:17+00:00 DEBUG tt4b_product_sync: missing access token for tt4b_product_sync
2023-02-09T07:08:17+00:00 DEBUG tt4b_product_sync: missing access token for tt4b_product_sync
2023-02-09T07:08:17+00:00 DEBUG tt4b_product_sync: missing access token for tt4b_product_sync
2023-02-09T07:08:17+00:00 DEBUG tt4b_product_sync: missing access token for tt4b_product_sync
2023-02-09T07:08:17+00:00 DEBUG tt4b_product_sync: missing access token for tt4b_product_sync
2023-02-09T07:08:17+00:00 DEBUG tt4b_product_sync: missing access token for tt4b_product_sync
2023-02-09T07:08:17+00:00 DEBUG tt4b_product_sync: missing access token for tt4b_product_sync
2023-02-09T07:08:18+00:00 DEBUG tt4b_product_sync: missing access token for tt4b_product_sync
2023-02-09T07:08:18+00:00 DEBUG tt4b_product_sync: missing access token for tt4b_product_sync
2023-02-09T07:28:10+00:00 DEBUG tt4b_product_sync: missing access token for tt4b_product_sync
2023-02-09T07:28:10+00:00 DEBUG tt4b_product_sync: missing access token for tt4b_product_sync
2023-02-09T07:28:11+00:00 DEBUG tt4b_product_sync: missing access token for tt4b_product_sync
2023-02-09T07:28:11+00:00 DEBUG tt4b_product_sync: missing access token for tt4b_product_sync
2023-02-09T07:28:11+00:00 DEBUG tt4b_product_sync: missing access token for tt4b_product_sync
2023-02-09T07:28:11+00:00 DEBUG tt4b_product_sync: missing access token for tt4b_product_sync
2023-02-09T07:28:11+00:00 DEBUG tt4b_product_sync: missing access token for tt4b_product_sync
2023-02-09T07:28:11+00:00 DEBUG tt4b_product_sync: missing access token for tt4b_product_sync
2023-02-09T07:28:11+00:00 DEBUG tt4b_product_sync: missing access token for tt4b_product_sync
2023-02-09T07:28:11+00:00 DEBUG tt4b_product_sync: missing access token for tt4b_product_sync
2023-02-09T07:28:12+00:00 DEBUG tt4b_product_sync: missing access token for tt4b_product_sync
2023-02-09T07:28:12+00:00 DEBUG tt4b_product_sync: missing access token for tt4b_product_sync
2023-02-09T07:28:12+00:00 DEBUG tt4b_product_sync: missing access token for tt4b_product_sync
2023-02-09T07:28:12+00:00 DEBUG tt4b_product_sync: missing access token for tt4b_product_sync
2023-02-09T07:28:12+00:00 DEBUG tt4b_product_sync: missing access token for tt4b_product_sync
2023-02-09T07:28:12+00:00 DEBUG tt4b_product_sync: missing access token for tt4b_product_sync
2023-02-09T07:28:12+00:00 DEBUG tt4b_product_sync: missing access token for tt4b_product_sync
2023-02-09T07:28:12+00:00 DEBUG tt4b_product_sync: missing access token for tt4b_product_sync
2023-02-09T07:28:12+00:00 DEBUG tt4b_product_sync: missing access token for tt4b_product_sync
2023-02-09T07:28:12+00:00 DEBUG tt4b_product_sync: missing access token for tt4b_product_sync
2023-02-09T07:28:13+00:00 DEBUG tt4b_product_sync: missing access token for tt4b_product_sync
2023-02-09T07:28:13+00:00 DEBUG tt4b_product_sync: missing access token for tt4b_product_sync
2023-02-09T07:28:13+00:00 DEBUG tt4b_product_sync: missing access token for tt4b_product_sync
2023-02-09T07:28:13+00:00 DEBUG tt4b_product_sync: missing access token for tt4b_product_sync
2023-02-09T07:28:13+00:00 DEBUG tt4b_product_sync: missing access token for tt4b_product_sync
2023-02-09T07:28:13+00:00 DEBUG tt4b_product_sync: missing access token for tt4b_product_sync
2023-02-09T07:28:13+00:00 DEBUG tt4b_product_sync: missing access token for tt4b_product_sync
2023-02-09T07:28:13+00:00 DEBUG tt4b_product_sync: missing access token for tt4b_product_sync
2023-02-09T07:28:13+00:00 DEBUG tt4b_product_sync: missing access token for tt4b_product_sync
2023-02-09T07:28:13+00:00 DEBUG tt4b_product_sync: missing access token for tt4b_product_sync
2023-02-09T07:30:18+00:00 DEBUG tt4b_product_sync: missing access token for tt4b_product_sync
2023-02-09T07:30:18+00:00 DEBUG tt4b_product_delete: missing access token for tt4b_product_sync
2023-02-09T07:30:18+00:00 DEBUG tt4b_product_sync: missing access token for tt4b_product_sync
2023-02-09T07:30:18+00:00 DEBUG tt4b_product_delete: missing access token for tt4b_product_sync
2023-02-09T07:30:18+00:00 DEBUG tt4b_product_sync: missing access token for tt4b_product_sync
2023-02-09T07:30:18+00:00 DEBUG tt4b_product_delete: missing access token for tt4b_product_sync
2023-02-09T07:30:18+00:00 DEBUG tt4b_product_sync: missing access token for tt4b_product_sync
2023-02-09T07:30:18+00:00 DEBUG tt4b_product_delete: missing access token for tt4b_product_sync
2023-02-09T07:30:18+00:00 DEBUG tt4b_product_sync: missing access token for tt4b_product_sync
2023-02-09T07:30:18+00:00 DEBUG tt4b_product_delete: missing access token for tt4b_product_sync
2023-02-09T07:30:19+00:00 DEBUG tt4b_product_sync: missing access token for tt4b_product_sync
2023-02-09T07:30:19+00:00 DEBUG tt4b_product_delete: missing access token for tt4b_product_sync
2023-02-09T07:30:19+00:00 DEBUG tt4b_product_sync: missing access token for tt4b_product_sync
2023-02-09T07:30:19+00:00 DEBUG tt4b_product_delete: missing access token for tt4b_product_sync
2023-02-09T07:30:19+00:00 DEBUG tt4b_product_sync: missing access token for tt4b_product_sync
2023-02-09T07:30:19+00:00 DEBUG tt4b_product_delete: missing access token for tt4b_product_sync
2023-02-09T07:30:19+00:00 DEBUG tt4b_product_sync: missing access token for tt4b_product_sync
2023-02-09T07:30:19+00:00 DEBUG tt4b_product_delete: missing access token for tt4b_product_sync
2023-02-09T07:30:19+00:00 DEBUG tt4b_product_sync: missing access token for tt4b_product_sync
2023-02-09T07:30:19+00:00 DEBUG tt4b_product_delete: missing access token for tt4b_product_sync
2023-02-09T07:30:19+00:00 DEBUG tt4b_product_sync: missing access token for tt4b_product_sync
2023-02-09T07:30:19+00:00 DEBUG tt4b_product_delete: missing access token for tt4b_product_sync
2023-02-09T07:30:19+00:00 DEBUG tt4b_product_sync: missing access token for tt4b_product_sync
2023-02-09T07:30:19+00:00 DEBUG tt4b_product_delete: missing access token for tt4b_product_sync
2023-02-09T07:30:19+00:00 DEBUG tt4b_product_sync: missing access token for tt4b_product_sync
2023-02-09T07:30:19+00:00 DEBUG tt4b_product_delete: missing access token for tt4b_product_sync
2023-02-09T07:30:19+00:00 DEBUG tt4b_product_sync: missing access token for tt4b_product_sync
2023-02-09T07:30:19+00:00 DEBUG tt4b_product_delete: missing access token for tt4b_product_sync
2023-02-09T07:30:19+00:00 DEBUG tt4b_product_sync: missing access token for tt4b_product_sync
2023-02-09T07:30:19+00:00 DEBUG tt4b_product_delete: missing access token for tt4b_product_sync
2023-02-09T07:30:19+00:00 DEBUG tt4b_product_sync: missing access token for tt4b_product_sync
2023-02-09T07:30:19+00:00 DEBUG tt4b_product_delete: missing access token for tt4b_product_sync
2023-02-09T07:30:19+00:00 DEBUG tt4b_product_sync: missing access token for tt4b_product_sync
2023-02-09T07:30:19+00:00 DEBUG tt4b_product_delete: missing access token for tt4b_product_sync
2023-02-09T07:30:19+00:00 DEBUG tt4b_product_sync: missing access token for tt4b_product_sync
2023-02-09T07:30:19+00:00 DEBUG tt4b_product_delete: missing access token for tt4b_product_sync
2023-02-09T07:30:19+00:00 DEBUG tt4b_product_sync: missing access token for tt4b_product_sync
2023-02-09T07:30:19+00:00 DEBUG tt4b_product_delete: missing access token for tt4b_product_sync
2023-02-09T07:30:19+00:00 DEBUG tt4b_product_sync: missing access token for tt4b_product_sync
2023-02-09T07:30:19+00:00 DEBUG tt4b_product_delete: missing access token for tt4b_product_sync
2023-02-09T07:30:41+00:00 DEBUG tt4b_product_sync: missing access token for tt4b_product_sync
2023-02-09T07:30:41+00:00 DEBUG tt4b_product_delete: missing access token for tt4b_product_sync
2023-02-09T07:30:41+00:00 DEBUG tt4b_product_sync: missing access token for tt4b_product_sync
2023-02-09T07:30:41+00:00 DEBUG tt4b_product_delete: missing access token for tt4b_product_sync
2023-02-09T07:30:41+00:00 DEBUG tt4b_product_sync: missing access token for tt4b_product_sync
2023-02-09T07:30:41+00:00 DEBUG tt4b_product_delete: missing access token for tt4b_product_sync
2023-02-09T07:30:41+00:00 DEBUG tt4b_product_sync: missing access token for tt4b_product_sync
2023-02-09T07:30:41+00:00 DEBUG tt4b_product_delete: missing access token for tt4b_product_sync
2023-02-09T07:30:41+00:00 DEBUG tt4b_product_sync: missing access token for tt4b_product_sync
2023-02-09T07:30:41+00:00 DEBUG tt4b_product_delete: missing access token for tt4b_product_sync
2023-02-09T07:30:41+00:00 DEBUG tt4b_product_sync: missing access token for tt4b_product_sync
2023-02-09T07:30:41+00:00 DEBUG tt4b_product_delete: missing access token for tt4b_product_sync
2023-02-09T07:30:41+00:00 DEBUG tt4b_product_sync: missing access token for tt4b_product_sync
2023-02-09T07:30:41+00:00 DEBUG tt4b_product_delete: missing access token for tt4b_product_sync
2023-02-09T07:30:41+00:00 DEBUG tt4b_product_sync: missing access token for tt4b_product_sync
2023-02-09T07:30:41+00:00 DEBUG tt4b_product_delete: missing access token for tt4b_product_sync
2023-02-09T07:30:41+00:00 DEBUG tt4b_product_sync: missing access token for tt4b_product_sync
2023-02-09T07:30:41+00:00 DEBUG tt4b_product_delete: missing access token for tt4b_product_sync
2023-02-09T07:30:41+00:00 DEBUG tt4b_product_sync: missing access token for tt4b_product_sync
2023-02-09T07:30:41+00:00 DEBUG tt4b_product_delete: missing access token for tt4b_product_sync
2023-02-09T07:30:41+00:00 DEBUG tt4b_product_sync: missing access token for tt4b_product_sync
2023-02-09T07:30:41+00:00 DEBUG tt4b_product_delete: missing access token for tt4b_product_sync
2023-02-09T07:32:04+00:00 DEBUG tt4b_product_sync: missing access token for tt4b_product_sync
2023-02-09T07:32:04+00:00 DEBUG tt4b_product_sync: missing access token for tt4b_product_sync
2023-02-09T07:32:04+00:00 DEBUG tt4b_product_sync: missing access token for tt4b_product_sync
2023-02-09T07:32:04+00:00 DEBUG tt4b_product_sync: missing access token for tt4b_product_sync
2023-02-09T07:32:05+00:00 DEBUG tt4b_product_sync: missing access token for tt4b_product_sync
2023-02-09T07:32:05+00:00 DEBUG tt4b_product_sync: missing access token for tt4b_product_sync
2023-02-09T07:32:05+00:00 DEBUG tt4b_product_sync: missing access token for tt4b_product_sync
2023-02-09T07:32:05+00:00 DEBUG tt4b_product_sync: missing access token for tt4b_product_sync
2023-02-09T07:32:05+00:00 DEBUG tt4b_product_sync: missing access token for tt4b_product_sync
2023-02-09T07:32:05+00:00 DEBUG tt4b_product_sync: missing access token for tt4b_product_sync
2023-02-09T07:32:05+00:00 DEBUG tt4b_product_sync: missing access token for tt4b_product_sync
2023-02-09T07:32:05+00:00 DEBUG tt4b_product_sync: missing access token for tt4b_product_sync
2023-02-09T07:32:05+00:00 DEBUG tt4b_product_sync: missing access token for tt4b_product_sync
2023-02-09T07:32:05+00:00 DEBUG tt4b_product_sync: missing access token for tt4b_product_sync
2023-02-09T07:32:05+00:00 DEBUG tt4b_product_sync: missing access token for tt4b_product_sync
2023-02-09T07:32:06+00:00 DEBUG tt4b_product_sync: missing access token for tt4b_product_sync
2023-02-09T07:32:06+00:00 DEBUG tt4b_product_sync: missing access token for tt4b_product_sync
2023-02-09T07:32:06+00:00 DEBUG tt4b_product_sync: missing access token for tt4b_product_sync
2023-02-09T07:32:06+00:00 DEBUG tt4b_product_sync: missing access token for tt4b_product_sync
2023-02-09T07:32:06+00:00 DEBUG tt4b_product_sync: missing access token for tt4b_product_sync
2023-02-09T07:32:06+00:00 DEBUG tt4b_product_sync: missing access token for tt4b_product_sync
2023-02-09T07:32:06+00:00 DEBUG tt4b_product_sync: missing access token for tt4b_product_sync
2023-02-09T07:32:06+00:00 DEBUG tt4b_product_sync: missing access token for tt4b_product_sync
2023-02-09T07:32:06+00:00 DEBUG tt4b_product_sync: missing access token for tt4b_product_sync
2023-02-09T07:32:07+00:00 DEBUG tt4b_product_sync: missing access token for tt4b_product_sync
2023-02-09T07:32:07+00:00 DEBUG tt4b_product_sync: missing access token for tt4b_product_sync
2023-02-09T07:32:07+00:00 DEBUG tt4b_product_sync: missing access token for tt4b_product_sync
2023-02-09T07:32:07+00:00 DEBUG tt4b_product_sync: missing access token for tt4b_product_sync
2023-02-09T07:32:07+00:00 DEBUG tt4b_product_sync: missing access token for tt4b_product_sync
2023-02-09T07:32:07+00:00 DEBUG tt4b_product_sync: missing access token for tt4b_product_sync
2023-02-09T07:33:09+00:00 DEBUG tt4b_product_sync: missing access token for tt4b_product_sync
2023-02-09T07:33:09+00:00 DEBUG tt4b_product_delete: missing access token for tt4b_product_sync
2023-02-09T07:33:09+00:00 DEBUG tt4b_product_sync: missing access token for tt4b_product_sync
2023-02-09T07:33:09+00:00 DEBUG tt4b_product_delete: missing access token for tt4b_product_sync
2023-02-09T07:33:09+00:00 DEBUG tt4b_product_sync: missing access token for tt4b_product_sync
2023-02-09T07:33:09+00:00 DEBUG tt4b_product_delete: missing access token for tt4b_product_sync
2023-02-09T07:33:09+00:00 DEBUG tt4b_product_sync: missing access token for tt4b_product_sync
2023-02-09T07:33:09+00:00 DEBUG tt4b_product_delete: missing access token for tt4b_product_sync
2023-02-09T07:33:09+00:00 DEBUG tt4b_product_sync: missing access token for tt4b_product_sync
2023-02-09T07:33:09+00:00 DEBUG tt4b_product_delete: missing access token for tt4b_product_sync
2023-02-09T07:33:09+00:00 DEBUG tt4b_product_sync: missing access token for tt4b_product_sync
2023-02-09T07:33:09+00:00 DEBUG tt4b_product_delete: missing access token for tt4b_product_sync
2023-02-09T07:33:09+00:00 DEBUG tt4b_product_sync: missing access token for tt4b_product_sync
2023-02-09T07:33:09+00:00 DEBUG tt4b_product_delete: missing access token for tt4b_product_sync
2023-02-09T07:33:09+00:00 DEBUG tt4b_product_sync: missing access token for tt4b_product_sync
2023-02-09T07:33:09+00:00 DEBUG tt4b_product_delete: missing access token for tt4b_product_sync
2023-02-09T07:33:09+00:00 DEBUG tt4b_product_sync: missing access token for tt4b_product_sync
2023-02-09T07:33:09+00:00 DEBUG tt4b_product_delete: missing access token for tt4b_product_sync
2023-02-09T07:33:09+00:00 DEBUG tt4b_product_sync: missing access token for tt4b_product_sync
2023-02-09T07:33:09+00:00 DEBUG tt4b_product_delete: missing access token for tt4b_product_sync
2023-02-09T07:33:09+00:00 DEBUG tt4b_product_sync: missing access token for tt4b_product_sync
2023-02-09T07:33:09+00:00 DEBUG tt4b_product_delete: missing access token for tt4b_product_sync
2023-02-09T07:33:09+00:00 DEBUG tt4b_product_sync: missing access token for tt4b_product_sync
2023-02-09T07:33:09+00:00 DEBUG tt4b_product_delete: missing access token for tt4b_product_sync
2023-02-09T07:33:09+00:00 DEBUG tt4b_product_sync: missing access token for tt4b_product_sync
2023-02-09T07:33:09+00:00 DEBUG tt4b_product_delete: missing access token for tt4b_product_sync
2023-02-09T07:33:09+00:00 DEBUG tt4b_product_sync: missing access token for tt4b_product_sync
2023-02-09T07:33:09+00:00 DEBUG tt4b_product_delete: missing access token for tt4b_product_sync
2023-02-09T07:33:09+00:00 DEBUG tt4b_product_sync: missing access token for tt4b_product_sync
2023-02-09T07:33:09+00:00 DEBUG tt4b_product_delete: missing access token for tt4b_product_sync
2023-02-09T07:33:09+00:00 DEBUG tt4b_product_sync: missing access token for tt4b_product_sync
2023-02-09T07:33:09+00:00 DEBUG tt4b_product_delete: missing access token for tt4b_product_sync
2023-02-09T07:33:09+00:00 DEBUG tt4b_product_sync: missing access token for tt4b_product_sync
2023-02-09T07:33:09+00:00 DEBUG tt4b_product_delete: missing access token for tt4b_product_sync
2023-02-09T07:33:09+00:00 DEBUG tt4b_product_sync: missing access token for tt4b_product_sync
2023-02-09T07:33:09+00:00 DEBUG tt4b_product_delete: missing access token for tt4b_product_sync
2023-02-09T07:33:09+00:00 DEBUG tt4b_product_sync: missing access token for tt4b_product_sync
2023-02-09T07:33:09+00:00 DEBUG tt4b_product_delete: missing access token for tt4b_product_sync
2023-02-09T07:33:09+00:00 DEBUG tt4b_product_sync: missing access token for tt4b_product_sync
2023-02-09T07:33:09+00:00 DEBUG tt4b_product_delete: missing access token for tt4b_product_sync
2023-02-09T07:33:24+00:00 DEBUG tt4b_product_delete: missing access token for tt4b_product_sync
2023-02-09T07:33:24+00:00 DEBUG tt4b_product_delete: missing access token for tt4b_product_sync
2023-02-09T07:33:24+00:00 DEBUG tt4b_product_delete: missing access token for tt4b_product_sync
2023-02-09T07:33:24+00:00 DEBUG tt4b_product_delete: missing access token for tt4b_product_sync
2023-02-09T07:33:24+00:00 DEBUG tt4b_product_delete: missing access token for tt4b_product_sync
2023-02-09T07:33:24+00:00 DEBUG tt4b_product_delete: missing access token for tt4b_product_sync
2023-02-09T07:33:24+00:00 DEBUG tt4b_product_delete: missing access token for tt4b_product_sync
2023-02-09T07:33:24+00:00 DEBUG tt4b_product_delete: missing access token for tt4b_product_sync
2023-02-09T07:33:25+00:00 DEBUG tt4b_product_delete: missing access token for tt4b_product_sync
2023-02-09T07:33:25+00:00 DEBUG tt4b_product_delete: missing access token for tt4b_product_sync
2023-02-09T07:33:25+00:00 DEBUG tt4b_product_delete: missing access token for tt4b_product_sync
2023-02-09T07:33:25+00:00 DEBUG tt4b_product_delete: missing access token for tt4b_product_sync
2023-02-09T07:33:25+00:00 DEBUG tt4b_product_delete: missing access token for tt4b_product_sync
2023-02-09T07:33:25+00:00 DEBUG tt4b_product_delete: missing access token for tt4b_product_sync
2023-02-09T07:33:25+00:00 DEBUG tt4b_product_delete: missing access token for tt4b_product_sync
2023-02-09T07:33:25+00:00 DEBUG tt4b_product_delete: missing access token for tt4b_product_sync
2023-02-09T07:33:25+00:00 DEBUG tt4b_product_delete: missing access token for tt4b_product_sync
2023-02-09T07:33:25+00:00 DEBUG tt4b_product_delete: missing access token for tt4b_product_sync
2023-02-09T07:33:25+00:00 DEBUG tt4b_product_delete: missing access token for tt4b_product_sync
2023-02-09T07:33:25+00:00 DEBUG tt4b_product_delete: missing access token for tt4b_product_sync
2023-02-09T07:33:36+00:00 DEBUG tt4b_product_delete: missing access token for tt4b_product_sync
2023-02-09T07:33:36+00:00 DEBUG tt4b_product_delete: missing access token for tt4b_product_sync
2023-02-09T07:33:36+00:00 DEBUG tt4b_product_delete: missing access token for tt4b_product_sync
2023-02-09T07:33:36+00:00 DEBUG tt4b_product_delete: missing access token for tt4b_product_sync
2023-02-09T07:33:36+00:00 DEBUG tt4b_product_delete: missing access token for tt4b_product_sync
2023-02-09T07:33:36+00:00 DEBUG tt4b_product_delete: missing access token for tt4b_product_sync
2023-02-09T07:33:36+00:00 DEBUG tt4b_product_delete: missing access token for tt4b_product_sync
2023-02-09T07:33:36+00:00 DEBUG tt4b_product_delete: missing access token for tt4b_product_sync
2023-02-09T07:33:37+00:00 DEBUG tt4b_product_delete: missing access token for tt4b_product_sync
2023-02-09T07:33:37+00:00 DEBUG tt4b_product_delete: missing access token for tt4b_product_sync
2023-02-09T07:33:37+00:00 DEBUG tt4b_product_delete: missing access token for tt4b_product_sync
2023-02-09T07:33:37+00:00 DEBUG tt4b_product_delete: missing access token for tt4b_product_sync
2023-02-09T07:33:37+00:00 DEBUG tt4b_product_delete: missing access token for tt4b_product_sync
2023-02-09T07:33:37+00:00 DEBUG tt4b_product_delete: missing access token for tt4b_product_sync
2023-02-09T07:33:37+00:00 DEBUG tt4b_product_delete: missing access token for tt4b_product_sync
2023-02-09T07:33:37+00:00 DEBUG tt4b_product_delete: missing access token for tt4b_product_sync
2023-02-09T07:33:37+00:00 DEBUG tt4b_product_delete: missing access token for tt4b_product_sync
2023-02-09T07:33:37+00:00 DEBUG tt4b_product_delete: missing access token for tt4b_product_sync
2023-02-09T07:33:37+00:00 DEBUG tt4b_product_delete: missing access token for tt4b_product_sync
2023-02-09T07:33:37+00:00 DEBUG tt4b_product_delete: missing access token for tt4b_product_sync
2023-02-09T07:33:53+00:00 DEBUG tt4b_product_delete: missing access token for tt4b_product_sync
2023-02-09T07:33:54+00:00 DEBUG tt4b_product_delete: missing access token for tt4b_product_sync
2023-02-09T07:33:54+00:00 DEBUG tt4b_product_delete: missing access token for tt4b_product_sync
2023-02-09T07:33:54+00:00 DEBUG tt4b_product_delete: missing access token for tt4b_product_sync
2023-02-09T07:33:54+00:00 DEBUG tt4b_product_delete: missing access token for tt4b_product_sync
2023-02-09T07:33:54+00:00 DEBUG tt4b_product_delete: missing access token for tt4b_product_sync
2023-02-09T07:33:54+00:00 DEBUG tt4b_product_delete: missing access token for tt4b_product_sync
2023-02-09T07:33:54+00:00 DEBUG tt4b_product_delete: missing access token for tt4b_product_sync
2023-02-09T07:33:54+00:00 DEBUG tt4b_product_delete: missing access token for tt4b_product_sync
2023-02-09T07:33:54+00:00 DEBUG tt4b_product_delete: missing access token for tt4b_product_sync
2023-02-09T07:33:54+00:00 DEBUG tt4b_product_delete: missing access token for tt4b_product_sync
2023-02-09T07:34:08+00:00 DEBUG tt4b_product_sync: missing access token for tt4b_product_sync
2023-02-09T07:34:08+00:00 DEBUG tt4b_product_delete: missing access token for tt4b_product_sync
2023-02-09T07:34:08+00:00 DEBUG tt4b_product_sync: missing access token for tt4b_product_sync
2023-02-09T07:34:08+00:00 DEBUG tt4b_product_delete: missing access token for tt4b_product_sync
2023-02-09T07:34:08+00:00 DEBUG tt4b_product_sync: missing access token for tt4b_product_sync
2023-02-09T07:34:08+00:00 DEBUG tt4b_product_delete: missing access token for tt4b_product_sync
2023-02-09T07:34:08+00:00 DEBUG tt4b_product_sync: missing access token for tt4b_product_sync
2023-02-09T07:34:08+00:00 DEBUG tt4b_product_delete: missing access token for tt4b_product_sync
2023-02-09T07:34:08+00:00 DEBUG tt4b_product_sync: missing access token for tt4b_product_sync
2023-02-09T07:34:08+00:00 DEBUG tt4b_product_delete: missing access token for tt4b_product_sync
2023-02-09T07:34:08+00:00 DEBUG tt4b_product_sync: missing access token for tt4b_product_sync
2023-02-09T07:34:08+00:00 DEBUG tt4b_product_delete: missing access token for tt4b_product_sync
2023-02-09T07:34:08+00:00 DEBUG tt4b_product_sync: missing access token for tt4b_product_sync
2023-02-09T07:34:08+00:00 DEBUG tt4b_product_delete: missing access token for tt4b_product_sync
2023-02-09T07:34:08+00:00 DEBUG tt4b_product_sync: missing access token for tt4b_product_sync
2023-02-09T07:34:08+00:00 DEBUG tt4b_product_delete: missing access token for tt4b_product_sync
2023-02-09T07:34:08+00:00 DEBUG tt4b_product_sync: missing access token for tt4b_product_sync
2023-02-09T07:34:08+00:00 DEBUG tt4b_product_delete: missing access token for tt4b_product_sync
2023-02-09T07:34:08+00:00 DEBUG tt4b_product_sync: missing access token for tt4b_product_sync
2023-02-09T07:34:08+00:00 DEBUG tt4b_product_delete: missing access token for tt4b_product_sync
2023-02-09T07:34:24+00:00 DEBUG tt4b_product_delete: missing access token for tt4b_product_sync
2023-02-09T07:34:24+00:00 DEBUG tt4b_product_delete: missing access token for tt4b_product_sync
2023-02-09T07:34:24+00:00 DEBUG tt4b_product_delete: missing access token for tt4b_product_sync
2023-02-09T07:34:24+00:00 DEBUG tt4b_product_delete: missing access token for tt4b_product_sync
2023-02-09T07:34:24+00:00 DEBUG tt4b_product_delete: missing access token for tt4b_product_sync
2023-02-09T07:34:24+00:00 DEBUG tt4b_product_delete: missing access token for tt4b_product_sync
2023-02-09T07:34:24+00:00 DEBUG tt4b_product_delete: missing access token for tt4b_product_sync
2023-02-09T07:34:24+00:00 DEBUG tt4b_product_delete: missing access token for tt4b_product_sync
2023-02-09T07:34:24+00:00 DEBUG tt4b_product_delete: missing access token for tt4b_product_sync
2023-02-09T07:34:25+00:00 DEBUG tt4b_product_delete: missing access token for tt4b_product_sync
